C51 COMPILER V9.60.0.0   F31X_BLINKY                                                       07/11/2020 17:27:24 PAGE 1   


C51 COMPILER V9.60.0.0, COMPILATION OF MODULE F31X_BLINKY
OBJECT MODULE PLACED IN .\F31x_Blinky.OBJ
COMPILER INVOKED BY: d:\SiliconLabs\SimplicityStudio\v4\developer\toolchains\keil_8051\9.60\BIN\C51.exe F:\simplicity_st
                    -udo_workspace\F31x_Blinky_adf4371\F31x_Blinky.c OMF2 LARGE DEBUG OBJECTEXTEND ROM(SMALL) WARNINGLEVEL(2) FLOATFUZZY(3) O
                    -PTIMIZE(8,SPEED) INTVECTOR(0X0000) INTPROMOTE INCDIR(D:/SiliconLabs/SimplicityStudio/v4/developer/sdks/8051/v4.1.7//Devi
                    -ce/shared/si8051Base;D:/SiliconLabs/SimplicityStudio/v4/developer/sdks/8051/v4.1.7//Device/C8051F310/inc) PRINT(.\F31x_B
                    -linky.lst) COND PAGEWIDTH(120) PAGELENGTH(65) OBJECT(.\F31x_Blinky.OBJ)

line level    source

   1          
   2          //-----------------------------------------------------------------------------
   3          // Includes
   4          //-----------------------------------------------------------------------------
   5          #include <SI_C8051F310_Register_Enums.h>
   6          #include "./src/sys.h"
   7          #include "./adf4371/adf4371.h"
   8          
   9          //-----------------------------------------------------------------------------
  10          // SiLabs_Startup() Routine
  11          // ----------------------------------------------------------------------------
  12          // This function is called immediately after reset, before the initialization
  13          // code is run in SILABS_STARTUP.A51 (which runs before main() ). This is a
  14          // useful place to disable the watchdog timer, which is enable by default
  15          // and may trigger before main() in some instances.
  16          //-----------------------------------------------------------------------------
  17          void SiLabs_Startup (void)
  18          {
  19   1         PCA0MD &= ~0x40;                       // WDTE = 0 (clear watchdog timer
  20   1      }
  21          
  22          //-----------------------------------------------------------------------------
  23          // MAIN Routine
  24          //-----------------------------------------------------------------------------
  25          void main (void)
  26          {
  27   1              Init_Device();
  28   1      
  29   1              ConfigReset();
  30   1      
  31   1              ConfigADF4371();
  32   1      
  33   1              while(1)
  34   1              {
  35   2      
  36   2              }
  37   1      }


MODULE INFORMATION:   STATIC OVERLAYABLE
   CODE SIZE        =     12    ----
   CONSTANT SIZE    =   ----    ----
   XDATA SIZE       =   ----    ----
   PDATA SIZE       =   ----    ----
   DATA SIZE        =   ----    ----
   IDATA SIZE       =   ----    ----
   BIT SIZE         =   ----    ----
   EDATA SIZE       =   ----    ----
   HDATA SIZE       =   ----    ----
   XDATA CONST SIZE =   ----    ----
   FAR CONST SIZE   =   ----    ----
END OF MODULE INFORMATION.

C51 COMPILER V9.60.0.0   F31X_BLINKY                                                       07/11/2020 17:27:24 PAGE 2   


C51 COMPILATION COMPLETE.  0 WARNING(S),  0 ERROR(S)
